app/build/intermediates/manifest_merge_blame_file/release/manifest-merger-blame-release-report.txt
1<?xml version="1.0" encoding="utf-8"?>
2<manifest xmlns:android="http://schemas.android.com/apk/res/android"
3    package="com.github.muneebwanee.dash"
4    android:versionCode="1"
5    android:versionName="1.0" >
6
7    <uses-sdk
8        android:minSdkVersion="21"
9        android:targetSdkVersion="34" />
10
11    <!-- Location permissions with granular control -->
12    <uses-permission android:name="android.permission.ACCESS_FINE_LOCATION" />
12-->src/main/AndroidManifest.xml:6:5-79
12-->src/main/AndroidManifest.xml:6:22-76
13    <uses-permission android:name="android.permission.ACCESS_COARSE_LOCATION" />
13-->src/main/AndroidManifest.xml:7:5-81
13-->src/main/AndroidManifest.xml:7:22-78
14    <uses-permission android:name="android.permission.ACCESS_BACKGROUND_LOCATION" />
14-->src/main/AndroidManifest.xml:8:5-85
14-->src/main/AndroidManifest.xml:8:22-82
15
16    <!-- Storage permissions for different Android versions -->
17    <uses-permission android:name="android.permission.READ_MEDIA_IMAGES" />
17-->src/main/AndroidManifest.xml:11:5-76
17-->src/main/AndroidManifest.xml:11:22-73
18    <uses-permission android:name="android.permission.READ_MEDIA_AUDIO" />
18-->src/main/AndroidManifest.xml:12:5-75
18-->src/main/AndroidManifest.xml:12:22-72
19    <uses-permission android:name="android.permission.READ_MEDIA_VIDEO" />
19-->src/main/AndroidManifest.xml:13:5-75
19-->src/main/AndroidManifest.xml:13:22-72
20    <uses-permission
20-->src/main/AndroidManifest.xml:14:5-15:38
21        android:name="android.permission.READ_EXTERNAL_STORAGE"
21-->src/main/AndroidManifest.xml:14:22-77
22        android:maxSdkVersion="32" />
22-->src/main/AndroidManifest.xml:15:9-35
23    <uses-permission
23-->src/main/AndroidManifest.xml:16:5-18:40
24        android:name="android.permission.WRITE_EXTERNAL_STORAGE"
24-->src/main/AndroidManifest.xml:16:22-78
25        android:maxSdkVersion="29" />
25-->src/main/AndroidManifest.xml:17:9-35
26
27    <!-- Communication permissions -->
28    <uses-permission android:name="android.permission.READ_PHONE_STATE" />
28-->src/main/AndroidManifest.xml:21:5-75
28-->src/main/AndroidManifest.xml:21:22-72
29    <uses-permission android:name="android.permission.CALL_PHONE" />
29-->src/main/AndroidManifest.xml:22:5-69
29-->src/main/AndroidManifest.xml:22:22-66
30    <uses-permission android:name="android.permission.RECORD_AUDIO" />
30-->src/main/AndroidManifest.xml:23:5-71
30-->src/main/AndroidManifest.xml:23:22-68
31    <uses-permission android:name="android.permission.READ_CONTACTS" />
31-->src/main/AndroidManifest.xml:24:5-72
31-->src/main/AndroidManifest.xml:24:22-69
32    <uses-permission android:name="android.permission.RECEIVE_SMS" />
32-->src/main/AndroidManifest.xml:25:5-70
32-->src/main/AndroidManifest.xml:25:22-67
33    <uses-permission android:name="android.permission.READ_SMS" />
33-->src/main/AndroidManifest.xml:26:5-67
33-->src/main/AndroidManifest.xml:26:22-64
34    <uses-permission android:name="android.permission.SEND_SMS" />
34-->src/main/AndroidManifest.xml:27:5-67
34-->src/main/AndroidManifest.xml:27:22-64
35
36    <!-- Camera permissions -->
37    <uses-permission android:name="android.permission.CAMERA" />
37-->src/main/AndroidManifest.xml:30:5-65
37-->src/main/AndroidManifest.xml:30:22-62
38    <uses-permission android:name="android.permission.SYSTEM_ALERT_WINDOW" />
38-->src/main/AndroidManifest.xml:31:5-78
38-->src/main/AndroidManifest.xml:31:22-75
39
40    <!-- Notification permissions for API 33+ -->
41    <uses-permission android:name="android.permission.POST_NOTIFICATIONS" />
41-->src/main/AndroidManifest.xml:34:5-77
41-->src/main/AndroidManifest.xml:34:22-74
42
43    <!-- Network and system permissions -->
44    <uses-permission android:name="android.permission.INTERNET" />
44-->src/main/AndroidManifest.xml:37:5-67
44-->src/main/AndroidManifest.xml:37:22-64
45    <uses-permission android:name="android.permission.ACCESS_NETWORK_STATE" />
45-->src/main/AndroidManifest.xml:38:5-79
45-->src/main/AndroidManifest.xml:38:22-76
46    <uses-permission android:name="android.permission.RECEIVE_BOOT_COMPLETED" />
46-->src/main/AndroidManifest.xml:39:5-81
46-->src/main/AndroidManifest.xml:39:22-78
47    <uses-permission android:name="android.permission.REQUEST_IGNORE_BATTERY_OPTIMIZATIONS" />
47-->src/main/AndroidManifest.xml:40:5-95
47-->src/main/AndroidManifest.xml:40:22-92
48    <uses-permission android:name="android.permission.PACKAGE_USAGE_STATS" />
48-->src/main/AndroidManifest.xml:41:5-42:47
48-->src/main/AndroidManifest.xml:41:22-75
49    <uses-permission android:name="android.permission.VIBRATE" />
49-->src/main/AndroidManifest.xml:43:5-66
49-->src/main/AndroidManifest.xml:43:22-63
50    <uses-permission android:name="android.permission.WAKE_LOCK" />
50-->src/main/AndroidManifest.xml:44:5-68
50-->src/main/AndroidManifest.xml:44:22-65
51
52    <!-- Foreground service permissions -->
53    <uses-permission android:name="android.permission.FOREGROUND_SERVICE" />
53-->src/main/AndroidManifest.xml:47:5-77
53-->src/main/AndroidManifest.xml:47:22-74
54    <uses-permission android:name="android.permission.FOREGROUND_SERVICE_LOCATION" />
54-->src/main/AndroidManifest.xml:48:5-86
54-->src/main/AndroidManifest.xml:48:22-83
55    <uses-permission android:name="android.permission.FOREGROUND_SERVICE_MICROPHONE" />
55-->src/main/AndroidManifest.xml:49:5-88
55-->src/main/AndroidManifest.xml:49:22-85
56    <uses-permission android:name="android.permission.FOREGROUND_SERVICE_CAMERA" />
56-->src/main/AndroidManifest.xml:50:5-84
56-->src/main/AndroidManifest.xml:50:22-81
57    <uses-permission android:name="android.permission.FOREGROUND_SERVICE_DATA_SYNC" />
57-->src/main/AndroidManifest.xml:51:5-87
57-->src/main/AndroidManifest.xml:51:22-84
58
59    <!-- Hardware features -->
60    <uses-feature
60-->src/main/AndroidManifest.xml:54:5-56:36
61        android:name="android.hardware.camera"
61-->src/main/AndroidManifest.xml:55:9-47
62        android:required="false" />
62-->src/main/AndroidManifest.xml:56:9-33
63    <uses-feature
63-->src/main/AndroidManifest.xml:57:5-59:36
64        android:name="android.hardware.location.gps"
64-->src/main/AndroidManifest.xml:58:9-53
65        android:required="false" />
65-->src/main/AndroidManifest.xml:59:9-33
66    <uses-feature
66-->src/main/AndroidManifest.xml:60:5-62:36
67        android:name="android.hardware.microphone"
67-->src/main/AndroidManifest.xml:61:9-51
68        android:required="false" />
68-->src/main/AndroidManifest.xml:62:9-33
69    <uses-feature
69-->[com.google.android.gms:play-services-maps:18.2.0] AndroidManifest.xml:26:5-28:35
70        android:glEsVersion="0x00020000"
70-->[com.google.android.gms:play-services-maps:18.2.0] AndroidManifest.xml:27:9-41
71        android:required="true" />
71-->[com.google.android.gms:play-services-maps:18.2.0] AndroidManifest.xml:28:9-32
72
73    <queries>
73-->[com.google.android.gms:play-services-maps:18.2.0] AndroidManifest.xml:30:5-34:15
74
75        <!-- Needs to be explicitly declared on Android R+ -->
76        <package android:name="com.google.android.apps.maps" />
76-->[com.google.android.gms:play-services-maps:18.2.0] AndroidManifest.xml:33:9-64
76-->[com.google.android.gms:play-services-maps:18.2.0] AndroidManifest.xml:33:18-61
77    </queries> <!-- Required by older versions of Google Play services to create IID tokens -->
78    <uses-permission android:name="com.google.android.c2dm.permission.RECEIVE" />
78-->[com.google.firebase:firebase-messaging:23.4.0] AndroidManifest.xml:26:5-82
78-->[com.google.firebase:firebase-messaging:23.4.0] AndroidManifest.xml:26:22-79
79    <uses-permission android:name="com.google.android.finsky.permission.BIND_GET_INSTALL_REFERRER_SERVICE" />
79-->[com.google.android.gms:play-services-measurement:21.5.0] AndroidManifest.xml:26:5-110
79-->[com.google.android.gms:play-services-measurement:21.5.0] AndroidManifest.xml:26:22-107
80    <uses-permission android:name="com.google.android.gms.permission.AD_ID" />
80-->[com.google.android.gms:play-services-measurement-impl:21.5.0] AndroidManifest.xml:27:5-79
80-->[com.google.android.gms:play-services-measurement-impl:21.5.0] AndroidManifest.xml:27:22-76
81
82    <permission
82-->[androidx.core:core:1.12.0] AndroidManifest.xml:22:5-24:47
83        android:name="com.github.muneebwanee.dash.DYNAMIC_RECEIVER_NOT_EXPORTED_PERMISSION"
83-->[androidx.core:core:1.12.0] AndroidManifest.xml:23:9-81
84        android:protectionLevel="signature" />
84-->[androidx.core:core:1.12.0] AndroidManifest.xml:24:9-44
85
86    <uses-permission android:name="com.github.muneebwanee.dash.DYNAMIC_RECEIVER_NOT_EXPORTED_PERMISSION" />
86-->[androidx.core:core:1.12.0] AndroidManifest.xml:26:5-97
86-->[androidx.core:core:1.12.0] AndroidManifest.xml:26:22-94
87    <uses-permission android:name="android.permission.ACCESS_ADSERVICES_ATTRIBUTION" />
87-->[com.google.android.gms:play-services-measurement-api:21.5.0] AndroidManifest.xml:26:5-88
87-->[com.google.android.gms:play-services-measurement-api:21.5.0] AndroidManifest.xml:26:22-85
88    <uses-permission android:name="android.permission.ACCESS_ADSERVICES_AD_ID" />
88-->[com.google.android.gms:play-services-measurement-api:21.5.0] AndroidManifest.xml:27:5-82
88-->[com.google.android.gms:play-services-measurement-api:21.5.0] AndroidManifest.xml:27:22-79
89
90    <application
90-->src/main/AndroidManifest.xml:64:5-100:19
91        android:allowBackup="false"
91-->src/main/AndroidManifest.xml:65:9-36
92        android:appComponentFactory="androidx.core.app.CoreComponentFactory"
92-->[androidx.core:core:1.12.0] AndroidManifest.xml:28:18-86
93        android:dataExtractionRules="@xml/data_extraction_rules"
93-->src/main/AndroidManifest.xml:66:9-65
94        android:extractNativeLibs="true"
95        android:fullBackupContent="@xml/backup_rules"
95-->src/main/AndroidManifest.xml:67:9-54
96        android:icon="@mipmap/ic_launcher"
96-->src/main/AndroidManifest.xml:68:9-43
97        android:label="@string/app_name"
97-->src/main/AndroidManifest.xml:69:9-41
98        android:largeHeap="true"
98-->src/main/AndroidManifest.xml:74:9-33
99        android:requestLegacyExternalStorage="true"
99-->src/main/AndroidManifest.xml:73:9-52
100        android:roundIcon="@mipmap/ic_launcher_round"
100-->src/main/AndroidManifest.xml:70:9-54
101        android:supportsRtl="true"
101-->src/main/AndroidManifest.xml:71:9-35
102        android:theme="@style/Theme.Dash" >
102-->src/main/AndroidManifest.xml:72:9-42
103
104        <!-- Main Activities -->
105        <activity
105-->src/main/AndroidManifest.xml:78:9-86:20
106            android:name="com.github.muneebwanee.dash.MainActivity"
106-->src/main/AndroidManifest.xml:79:13-41
107            android:exported="true"
107-->src/main/AndroidManifest.xml:80:13-36
108            android:theme="@style/Theme.Dash" >
108-->src/main/AndroidManifest.xml:81:13-46
109            <intent-filter>
109-->src/main/AndroidManifest.xml:82:13-85:29
110                <action android:name="android.intent.action.MAIN" />
110-->src/main/AndroidManifest.xml:83:17-69
110-->src/main/AndroidManifest.xml:83:25-66
111
112                <category android:name="android.intent.category.LAUNCHER" />
112-->src/main/AndroidManifest.xml:84:17-77
112-->src/main/AndroidManifest.xml:84:27-74
113            </intent-filter>
114        </activity>
115
116        <!-- Firebase -->
117        <meta-data
117-->src/main/AndroidManifest.xml:91:9-93:50
118            android:name="com.google.firebase.messaging.default_notification_channel_id"
118-->src/main/AndroidManifest.xml:92:13-89
119            android:value="monitoring_channel" />
119-->src/main/AndroidManifest.xml:93:13-47
120
121        <!-- Google Maps API Key -->
122        <meta-data
122-->src/main/AndroidManifest.xml:96:9-98:71
123            android:name="com.google.android.geo.API_KEY"
123-->src/main/AndroidManifest.xml:97:13-58
124            android:value="AIzaSyBALDod2xfPVsIOI8WgGP1OOmz92C064GA" />
124-->src/main/AndroidManifest.xml:98:13-68
125
126        <service
126-->[androidx.camera:camera-camera2:1.3.1] AndroidManifest.xml:24:9-33:19
127            android:name="androidx.camera.core.impl.MetadataHolderService"
127-->[androidx.camera:camera-camera2:1.3.1] AndroidManifest.xml:25:13-75
128            android:enabled="false"
128-->[androidx.camera:camera-camera2:1.3.1] AndroidManifest.xml:26:13-36
129            android:exported="false" >
129-->[androidx.camera:camera-camera2:1.3.1] AndroidManifest.xml:27:13-37
130            <meta-data
130-->[androidx.camera:camera-camera2:1.3.1] AndroidManifest.xml:30:13-32:89
131                android:name="androidx.camera.core.impl.MetadataHolderService.DEFAULT_CONFIG_PROVIDER"
131-->[androidx.camera:camera-camera2:1.3.1] AndroidManifest.xml:31:17-103
132                android:value="androidx.camera.camera2.Camera2Config$DefaultProvider" />
132-->[androidx.camera:camera-camera2:1.3.1] AndroidManifest.xml:32:17-86
133        </service> <!-- Needs to be explicitly declared on P+ -->
134        <uses-library
134-->[com.google.android.gms:play-services-maps:18.2.0] AndroidManifest.xml:39:9-41:40
135            android:name="org.apache.http.legacy"
135-->[com.google.android.gms:play-services-maps:18.2.0] AndroidManifest.xml:40:13-50
136            android:required="false" />
136-->[com.google.android.gms:play-services-maps:18.2.0] AndroidManifest.xml:41:13-37
137
138        <activity
138-->[com.google.android.gms:play-services-auth:20.7.0] AndroidManifest.xml:23:9-27:75
139            android:name="com.google.android.gms.auth.api.signin.internal.SignInHubActivity"
139-->[com.google.android.gms:play-services-auth:20.7.0] AndroidManifest.xml:24:13-93
140            android:excludeFromRecents="true"
140-->[com.google.android.gms:play-services-auth:20.7.0] AndroidManifest.xml:25:13-46
141            android:exported="false"
141-->[com.google.android.gms:play-services-auth:20.7.0] AndroidManifest.xml:26:13-37
142            android:theme="@android:style/Theme.Translucent.NoTitleBar" />
142-->[com.google.android.gms:play-services-auth:20.7.0] AndroidManifest.xml:27:13-72
143        <!--
144            Service handling Google Sign-In user revocation. For apps that do not integrate with
145            Google Sign-In, this service will never be started.
146        -->
147        <service
147-->[com.google.android.gms:play-services-auth:20.7.0] AndroidManifest.xml:33:9-37:51
148            android:name="com.google.android.gms.auth.api.signin.RevocationBoundService"
148-->[com.google.android.gms:play-services-auth:20.7.0] AndroidManifest.xml:34:13-89
149            android:exported="true"
149-->[com.google.android.gms:play-services-auth:20.7.0] AndroidManifest.xml:35:13-36
150            android:permission="com.google.android.gms.auth.api.signin.permission.REVOCATION_NOTIFICATION"
150-->[com.google.android.gms:play-services-auth:20.7.0] AndroidManifest.xml:36:13-107
151            android:visibleToInstantApps="true" />
151-->[com.google.android.gms:play-services-auth:20.7.0] AndroidManifest.xml:37:13-48
152
153        <activity
153-->[com.google.firebase:firebase-auth:22.3.0] AndroidManifest.xml:29:9-46:20
154            android:name="com.google.firebase.auth.internal.GenericIdpActivity"
154-->[com.google.firebase:firebase-auth:22.3.0] AndroidManifest.xml:30:13-80
155            android:excludeFromRecents="true"
155-->[com.google.firebase:firebase-auth:22.3.0] AndroidManifest.xml:31:13-46
156            android:exported="true"
156-->[com.google.firebase:firebase-auth:22.3.0] AndroidManifest.xml:32:13-36
157            android:launchMode="singleTask"
157-->[com.google.firebase:firebase-auth:22.3.0] AndroidManifest.xml:33:13-44
158            android:theme="@android:style/Theme.Translucent.NoTitleBar" >
158-->[com.google.firebase:firebase-auth:22.3.0] AndroidManifest.xml:34:13-72
159            <intent-filter>
159-->[com.google.firebase:firebase-auth:22.3.0] AndroidManifest.xml:35:13-45:29
160                <action android:name="android.intent.action.VIEW" />
160-->[com.google.firebase:firebase-auth:22.3.0] AndroidManifest.xml:36:17-69
160-->[com.google.firebase:firebase-auth:22.3.0] AndroidManifest.xml:36:25-66
161
162                <category android:name="android.intent.category.DEFAULT" />
162-->[com.google.firebase:firebase-auth:22.3.0] AndroidManifest.xml:38:17-76
162-->[com.google.firebase:firebase-auth:22.3.0] AndroidManifest.xml:38:27-73
163                <category android:name="android.intent.category.BROWSABLE" />
163-->[com.google.firebase:firebase-auth:22.3.0] AndroidManifest.xml:39:17-78
163-->[com.google.firebase:firebase-auth:22.3.0] AndroidManifest.xml:39:27-75
164
165                <data
165-->[com.google.firebase:firebase-auth:22.3.0] AndroidManifest.xml:41:17-44:51
166                    android:host="firebase.auth"
166-->[com.google.firebase:firebase-auth:22.3.0] AndroidManifest.xml:42:21-49
167                    android:path="/"
167-->[com.google.firebase:firebase-auth:22.3.0] AndroidManifest.xml:43:21-37
168                    android:scheme="genericidp" />
168-->[com.google.firebase:firebase-auth:22.3.0] AndroidManifest.xml:44:21-48
169            </intent-filter>
170        </activity>
171        <activity
171-->[com.google.firebase:firebase-auth:22.3.0] AndroidManifest.xml:47:9-64:20
172            android:name="com.google.firebase.auth.internal.RecaptchaActivity"
172-->[com.google.firebase:firebase-auth:22.3.0] AndroidManifest.xml:48:13-79
173            android:excludeFromRecents="true"
173-->[com.google.firebase:firebase-auth:22.3.0] AndroidManifest.xml:49:13-46
174            android:exported="true"
174-->[com.google.firebase:firebase-auth:22.3.0] AndroidManifest.xml:50:13-36
175            android:launchMode="singleTask"
175-->[com.google.firebase:firebase-auth:22.3.0] AndroidManifest.xml:51:13-44
176            android:theme="@android:style/Theme.Translucent.NoTitleBar" >
176-->[com.google.firebase:firebase-auth:22.3.0] AndroidManifest.xml:52:13-72
177            <intent-filter>
177-->[com.google.firebase:firebase-auth:22.3.0] AndroidManifest.xml:53:13-63:29
178                <action android:name="android.intent.action.VIEW" />
178-->[com.google.firebase:firebase-auth:22.3.0] AndroidManifest.xml:36:17-69
178-->[com.google.firebase:firebase-auth:22.3.0] AndroidManifest.xml:36:25-66
179
180                <category android:name="android.intent.category.DEFAULT" />
180-->[com.google.firebase:firebase-auth:22.3.0] AndroidManifest.xml:38:17-76
180-->[com.google.firebase:firebase-auth:22.3.0] AndroidManifest.xml:38:27-73
181                <category android:name="android.intent.category.BROWSABLE" />
181-->[com.google.firebase:firebase-auth:22.3.0] AndroidManifest.xml:39:17-78
181-->[com.google.firebase:firebase-auth:22.3.0] AndroidManifest.xml:39:27-75
182
183                <data
183-->[com.google.firebase:firebase-auth:22.3.0] AndroidManifest.xml:41:17-44:51
184                    android:host="firebase.auth"
184-->[com.google.firebase:firebase-auth:22.3.0] AndroidManifest.xml:42:21-49
185                    android:path="/"
185-->[com.google.firebase:firebase-auth:22.3.0] AndroidManifest.xml:43:21-37
186                    android:scheme="recaptcha" />
186-->[com.google.firebase:firebase-auth:22.3.0] AndroidManifest.xml:44:21-48
187            </intent-filter>
188        </activity>
189
190        <service
190-->[com.google.firebase:firebase-auth:22.3.0] AndroidManifest.xml:66:9-72:19
191            android:name="com.google.firebase.components.ComponentDiscoveryService"
191-->[com.google.firebase:firebase-auth:22.3.0] AndroidManifest.xml:67:13-84
192            android:directBootAware="true"
192-->[com.google.firebase:firebase-common:20.4.2] AndroidManifest.xml:32:13-43
193            android:exported="false" >
193-->[com.google.firebase:firebase-auth:22.3.0] AndroidManifest.xml:68:13-37
194            <meta-data
194-->[com.google.firebase:firebase-auth:22.3.0] AndroidManifest.xml:69:13-71:85
195                android:name="com.google.firebase.components:com.google.firebase.auth.FirebaseAuthRegistrar"
195-->[com.google.firebase:firebase-auth:22.3.0] AndroidManifest.xml:70:17-109
196                android:value="com.google.firebase.components.ComponentRegistrar" />
196-->[com.google.firebase:firebase-auth:22.3.0] AndroidManifest.xml:71:17-82
197            <meta-data
197-->[com.google.firebase:firebase-firestore:24.10.0] AndroidManifest.xml:17:13-19:85
198                android:name="com.google.firebase.components:com.google.firebase.firestore.FirebaseFirestoreKtxRegistrar"
198-->[com.google.firebase:firebase-firestore:24.10.0] AndroidManifest.xml:18:17-122
199                android:value="com.google.firebase.components.ComponentRegistrar" />
199-->[com.google.firebase:firebase-firestore:24.10.0] AndroidManifest.xml:19:17-82
200            <meta-data
200-->[com.google.firebase:firebase-firestore:24.10.0] AndroidManifest.xml:20:13-22:85
201                android:name="com.google.firebase.components:com.google.firebase.firestore.FirestoreRegistrar"
201-->[com.google.firebase:firebase-firestore:24.10.0] AndroidManifest.xml:21:17-111
202                android:value="com.google.firebase.components.ComponentRegistrar" />
202-->[com.google.firebase:firebase-firestore:24.10.0] AndroidManifest.xml:22:17-82
203            <meta-data
203-->[com.google.firebase:firebase-messaging:23.4.0] AndroidManifest.xml:57:13-59:85
204                android:name="com.google.firebase.components:com.google.firebase.messaging.FirebaseMessagingKtxRegistrar"
204-->[com.google.firebase:firebase-messaging:23.4.0] AndroidManifest.xml:58:17-122
205                android:value="com.google.firebase.components.ComponentRegistrar" />
205-->[com.google.firebase:firebase-messaging:23.4.0] AndroidManifest.xml:59:17-82
206            <meta-data
206-->[com.google.firebase:firebase-messaging:23.4.0] AndroidManifest.xml:60:13-62:85
207                android:name="com.google.firebase.components:com.google.firebase.messaging.FirebaseMessagingRegistrar"
207-->[com.google.firebase:firebase-messaging:23.4.0] AndroidManifest.xml:61:17-119
208                android:value="com.google.firebase.components.ComponentRegistrar" />
208-->[com.google.firebase:firebase-messaging:23.4.0] AndroidManifest.xml:62:17-82
209            <meta-data
209-->[com.google.firebase:firebase-storage:20.3.0] AndroidManifest.xml:30:13-32:85
210                android:name="com.google.firebase.components:com.google.firebase.storage.FirebaseStorageKtxRegistrar"
210-->[com.google.firebase:firebase-storage:20.3.0] AndroidManifest.xml:31:17-118
211                android:value="com.google.firebase.components.ComponentRegistrar" />
211-->[com.google.firebase:firebase-storage:20.3.0] AndroidManifest.xml:32:17-82
212            <meta-data
212-->[com.google.firebase:firebase-storage:20.3.0] AndroidManifest.xml:33:13-35:85
213                android:name="com.google.firebase.components:com.google.firebase.storage.StorageRegistrar"
213-->[com.google.firebase:firebase-storage:20.3.0] AndroidManifest.xml:34:17-107
214                android:value="com.google.firebase.components.ComponentRegistrar" />
214-->[com.google.firebase:firebase-storage:20.3.0] AndroidManifest.xml:35:17-82
215            <meta-data
215-->[com.google.firebase:firebase-database:20.3.0] AndroidManifest.xml:29:13-31:85
216                android:name="com.google.firebase.components:com.google.firebase.database.FirebaseDatabaseKtxRegistrar"
216-->[com.google.firebase:firebase-database:20.3.0] AndroidManifest.xml:30:17-120
217                android:value="com.google.firebase.components.ComponentRegistrar" />
217-->[com.google.firebase:firebase-database:20.3.0] AndroidManifest.xml:31:17-82
218            <meta-data
218-->[com.google.firebase:firebase-database:20.3.0] AndroidManifest.xml:32:13-34:85
219                android:name="com.google.firebase.components:com.google.firebase.database.DatabaseRegistrar"
219-->[com.google.firebase:firebase-database:20.3.0] AndroidManifest.xml:33:17-109
220                android:value="com.google.firebase.components.ComponentRegistrar" />
220-->[com.google.firebase:firebase-database:20.3.0] AndroidManifest.xml:34:17-82
221            <meta-data
221-->[com.google.firebase:firebase-appcheck:17.1.1] AndroidManifest.xml:25:13-27:85
222                android:name="com.google.firebase.components:com.google.firebase.appcheck.FirebaseAppCheckKtxRegistrar"
222-->[com.google.firebase:firebase-appcheck:17.1.1] AndroidManifest.xml:26:17-120
223                android:value="com.google.firebase.components.ComponentRegistrar" />
223-->[com.google.firebase:firebase-appcheck:17.1.1] AndroidManifest.xml:27:17-82
224            <meta-data
224-->[com.google.firebase:firebase-appcheck:17.1.1] AndroidManifest.xml:28:13-30:85
225                android:name="com.google.firebase.components:com.google.firebase.appcheck.FirebaseAppCheckRegistrar"
225-->[com.google.firebase:firebase-appcheck:17.1.1] AndroidManifest.xml:29:17-117
226                android:value="com.google.firebase.components.ComponentRegistrar" />
226-->[com.google.firebase:firebase-appcheck:17.1.1] AndroidManifest.xml:30:17-82
227            <meta-data
227-->[com.google.firebase:firebase-crashlytics:18.6.0] AndroidManifest.xml:15:13-17:85
228                android:name="com.google.firebase.components:com.google.firebase.crashlytics.FirebaseCrashlyticsKtxRegistrar"
228-->[com.google.firebase:firebase-crashlytics:18.6.0] AndroidManifest.xml:16:17-126
229                android:value="com.google.firebase.components.ComponentRegistrar" />
229-->[com.google.firebase:firebase-crashlytics:18.6.0] AndroidManifest.xml:17:17-82
230            <meta-data
230-->[com.google.firebase:firebase-crashlytics:18.6.0] AndroidManifest.xml:18:13-20:85
231                android:name="com.google.firebase.components:com.google.firebase.crashlytics.CrashlyticsRegistrar"
231-->[com.google.firebase:firebase-crashlytics:18.6.0] AndroidManifest.xml:19:17-115
232                android:value="com.google.firebase.components.ComponentRegistrar" />
232-->[com.google.firebase:firebase-crashlytics:18.6.0] AndroidManifest.xml:20:17-82
233            <meta-data
233-->[com.google.firebase:firebase-sessions:1.2.0] AndroidManifest.xml:29:13-31:85
234                android:name="com.google.firebase.components:com.google.firebase.sessions.FirebaseSessionsRegistrar"
234-->[com.google.firebase:firebase-sessions:1.2.0] AndroidManifest.xml:30:17-117
235                android:value="com.google.firebase.components.ComponentRegistrar" />
235-->[com.google.firebase:firebase-sessions:1.2.0] AndroidManifest.xml:31:17-82
236            <meta-data
236-->[com.google.android.gms:play-services-measurement-api:21.5.0] AndroidManifest.xml:37:13-39:85
237                android:name="com.google.firebase.components:com.google.firebase.analytics.connector.internal.AnalyticsConnectorRegistrar"
237-->[com.google.android.gms:play-services-measurement-api:21.5.0] AndroidManifest.xml:38:17-139
238                android:value="com.google.firebase.components.ComponentRegistrar" />
238-->[com.google.android.gms:play-services-measurement-api:21.5.0] AndroidManifest.xml:39:17-82
239            <meta-data
239-->[com.google.firebase:firebase-installations:17.2.0] AndroidManifest.xml:15:13-17:85
240                android:name="com.google.firebase.components:com.google.firebase.installations.FirebaseInstallationsKtxRegistrar"
240-->[com.google.firebase:firebase-installations:17.2.0] AndroidManifest.xml:16:17-130
241                android:value="com.google.firebase.components.ComponentRegistrar" />
241-->[com.google.firebase:firebase-installations:17.2.0] AndroidManifest.xml:17:17-82
242            <meta-data
242-->[com.google.firebase:firebase-installations:17.2.0] AndroidManifest.xml:18:13-20:85
243                android:name="com.google.firebase.components:com.google.firebase.installations.FirebaseInstallationsRegistrar"
243-->[com.google.firebase:firebase-installations:17.2.0] AndroidManifest.xml:19:17-127
244                android:value="com.google.firebase.components.ComponentRegistrar" />
244-->[com.google.firebase:firebase-installations:17.2.0] AndroidManifest.xml:20:17-82
245            <meta-data
245-->[com.google.firebase:firebase-common-ktx:20.4.2] AndroidManifest.xml:12:13-14:85
246                android:name="com.google.firebase.components:com.google.firebase.ktx.FirebaseCommonLegacyRegistrar"
246-->[com.google.firebase:firebase-common-ktx:20.4.2] AndroidManifest.xml:13:17-116
247                android:value="com.google.firebase.components.ComponentRegistrar" />
247-->[com.google.firebase:firebase-common-ktx:20.4.2] AndroidManifest.xml:14:17-82
248            <meta-data
248-->[com.google.firebase:firebase-common:20.4.2] AndroidManifest.xml:35:13-37:85
249                android:name="com.google.firebase.components:com.google.firebase.FirebaseCommonKtxRegistrar"
249-->[com.google.firebase:firebase-common:20.4.2] AndroidManifest.xml:36:17-109
250                android:value="com.google.firebase.components.ComponentRegistrar" />
250-->[com.google.firebase:firebase-common:20.4.2] AndroidManifest.xml:37:17-82
251            <meta-data
251-->[com.google.firebase:firebase-datatransport:18.1.8] AndroidManifest.xml:27:13-29:85
252                android:name="com.google.firebase.components:com.google.firebase.datatransport.TransportRegistrar"
252-->[com.google.firebase:firebase-datatransport:18.1.8] AndroidManifest.xml:28:17-115
253                android:value="com.google.firebase.components.ComponentRegistrar" />
253-->[com.google.firebase:firebase-datatransport:18.1.8] AndroidManifest.xml:29:17-82
254        </service>
255
256        <receiver
256-->[com.google.firebase:firebase-messaging:23.4.0] AndroidManifest.xml:29:9-40:20
257            android:name="com.google.firebase.iid.FirebaseInstanceIdReceiver"
257-->[com.google.firebase:firebase-messaging:23.4.0] AndroidManifest.xml:30:13-78